mar. 06, 2025 7:53:56 PM liquibase.changelog
INFO: Reading resource: db/changelog/migrations/db.changelog-202503081550.sql
mar. 06, 2025 7:53:56 PM liquibase.changelog
INFO: Reading resource: db/changelog/migrations/db.changelog-202503081708.sql
mar. 06, 2025 7:53:56 PM liquibase.changelog
INFO: Reading resource: db/changelog/migrations/db.changelog-202503081927.sql
mar. 06, 2025 7:53:56 PM liquibase.changelog
INFO: Reading resource: db/changelog/migrations/db.changelog-202503081934.sql
mar. 06, 2025 7:53:56 PM liquibase.changelog
INFO: Creating database history table with name: board.databasechangelog
mar. 06, 2025 7:53:56 PM liquibase.changelog
INFO: Reading from board.databasechangelog
mar. 06, 2025 7:53:56 PM liquibase.lockservice
INFO: Successfully acquired change log lock
mar. 06, 2025 7:53:56 PM liquibase.command
INFO: Using deploymentId: 1301636451
mar. 06, 2025 7:53:56 PM liquibase.changelog
INFO: Reading from board.databasechangelog
Running Changeset: db/changelog/migrations/db.changelog-202503081550.sql::202503061551::junior
mar. 06, 2025 7:53:56 PM liquibase.changelog
INFO: Custom SQL executed
mar. 06, 2025 7:53:56 PM liquibase.changelog
INFO: ChangeSet db/changelog/migrations/db.changelog-202503081550.sql::202503061551::junior ran successfully in 23ms
Running Changeset: db/changelog/migrations/db.changelog-202503081708.sql::202503081708::junior
mar. 06, 2025 7:53:56 PM liquibase.changelog
INFO: Custom SQL executed
mar. 06, 2025 7:53:56 PM liquibase.changelog
INFO: ChangeSet db/changelog/migrations/db.changelog-202503081708.sql::202503081708::junior ran successfully in 33ms
Running Changeset: db/changelog/migrations/db.changelog-202503081927.sql::202503081927::junior
mar. 06, 2025 7:53:56 PM liquibase.changelog
INFO: Custom SQL executed
mar. 06, 2025 7:53:56 PM liquibase.changelog
INFO: ChangeSet db/changelog/migrations/db.changelog-202503081927.sql::202503081927::junior ran successfully in 23ms
Running Changeset: db/changelog/migrations/db.changelog-202503081934.sql::202503081934::junior
mar. 06, 2025 7:53:56 PM liquibase.changelog
INFO: Custom SQL executed
mar. 06, 2025 7:53:56 PM liquibase.changelog
INFO: ChangeSet db/changelog/migrations/db.changelog-202503081934.sql::202503081934::junior ran successfully in 27ms

UPDATE SUMMARY
Run:                          4
Previously run:               0
Filtered out:                 0
-------------------------------
Total change sets:            4

mar. 06, 2025 7:53:56 PM liquibase.util
INFO: UPDATE SUMMARY
mar. 06, 2025 7:53:56 PM liquibase.util
INFO: Run:                          4
mar. 06, 2025 7:53:56 PM liquibase.util
INFO: Previously run:               0
mar. 06, 2025 7:53:56 PM liquibase.util
INFO: Filtered out:                 0
mar. 06, 2025 7:53:56 PM liquibase.util
INFO: -------------------------------
mar. 06, 2025 7:53:56 PM liquibase.util
INFO: Total change sets:            4
mar. 06, 2025 7:53:56 PM liquibase.util
INFO: Update summary generated
mar. 06, 2025 7:53:56 PM liquibase.command
INFO: Update command completed successfully.
Liquibase: Update has been successful. Rows affected: 4
mar. 06, 2025 7:53:56 PM liquibase.lockservice
INFO: Successfully released change log lock
mar. 06, 2025 7:53:56 PM liquibase.command
INFO: Command execution complete
